  Color.cpp
  Edge.cpp
c:\users\chaos\documents\github\ic\consoleapplication1\edge.cpp(127): warning C4244: '=': 'double'에서 '_Tp'(으)로 변환하면서 데이터가 손실될 수 있습니다.
          with
          [
              _Tp=uchar
          ]
c:\users\chaos\documents\github\ic\consoleapplication1\edge.cpp(282): warning C4244: '=': 'double'에서 '_Tp'(으)로 변환하면서 데이터가 손실될 수 있습니다.
          with
          [
              _Tp=uchar
          ]
c:\users\chaos\documents\github\ic\consoleapplication1\edge.cpp(337): warning C4244: '=': 'double'에서 '_Tp'(으)로 변환하면서 데이터가 손실될 수 있습니다.
          with
          [
              _Tp=uchar
          ]
c:\users\chaos\documents\github\ic\consoleapplication1\edge.cpp(341): warning C4244: '=': 'double'에서 '_Tp'(으)로 변환하면서 데이터가 손실될 수 있습니다.
          with
          [
              _Tp=uchar
          ]
c:\users\chaos\documents\github\ic\consoleapplication1\edge.cpp(345): warning C4244: '=': 'double'에서 '_Tp'(으)로 변환하면서 데이터가 손실될 수 있습니다.
          with
          [
              _Tp=uchar
          ]
c:\users\chaos\documents\github\ic\consoleapplication1\edge.cpp(400): warning C4244: '=': 'double'에서 '_Tp'(으)로 변환하면서 데이터가 손실될 수 있습니다.
          with
          [
              _Tp=uchar
          ]
c:\users\chaos\documents\github\ic\consoleapplication1\edge.cpp(404): warning C4244: '=': 'double'에서 '_Tp'(으)로 변환하면서 데이터가 손실될 수 있습니다.
          with
          [
              _Tp=uchar
          ]
c:\users\chaos\documents\github\ic\consoleapplication1\edge.cpp(408): warning C4244: '=': 'double'에서 '_Tp'(으)로 변환하면서 데이터가 손실될 수 있습니다.
          with
          [
              _Tp=uchar
          ]
c:\users\chaos\documents\github\ic\consoleapplication1\edge.cpp(463): warning C4244: '=': 'double'에서 '_Tp'(으)로 변환하면서 데이터가 손실될 수 있습니다.
          with
          [
              _Tp=uchar
          ]
c:\users\chaos\documents\github\ic\consoleapplication1\edge.cpp(467): warning C4244: '=': 'double'에서 '_Tp'(으)로 변환하면서 데이터가 손실될 수 있습니다.
          with
          [
              _Tp=uchar
          ]
c:\users\chaos\documents\github\ic\consoleapplication1\edge.cpp(471): warning C4244: '=': 'double'에서 '_Tp'(으)로 변환하면서 데이터가 손실될 수 있습니다.
          with
          [
              _Tp=uchar
          ]
c:\users\chaos\documents\github\ic\consoleapplication1\edge.cpp(527): warning C4244: '=': 'double'에서 '_Tp'(으)로 변환하면서 데이터가 손실될 수 있습니다.
          with
          [
              _Tp=uchar
          ]
c:\users\chaos\documents\github\ic\consoleapplication1\edge.cpp(531): warning C4244: '=': 'double'에서 '_Tp'(으)로 변환하면서 데이터가 손실될 수 있습니다.
          with
          [
              _Tp=uchar
          ]
c:\users\chaos\documents\github\ic\consoleapplication1\edge.cpp(535): warning C4244: '=': 'double'에서 '_Tp'(으)로 변환하면서 데이터가 손실될 수 있습니다.
          with
          [
              _Tp=uchar
          ]
c:\users\chaos\documents\github\ic\consoleapplication1\edge.cpp(590): warning C4244: '=': 'double'에서 '_Tp'(으)로 변환하면서 데이터가 손실될 수 있습니다.
          with
          [
              _Tp=uchar
          ]
c:\users\chaos\documents\github\ic\consoleapplication1\edge.cpp(594): warning C4244: '=': 'double'에서 '_Tp'(으)로 변환하면서 데이터가 손실될 수 있습니다.
          with
          [
              _Tp=uchar
          ]
c:\users\chaos\documents\github\ic\consoleapplication1\edge.cpp(598): warning C4244: '=': 'double'에서 '_Tp'(으)로 변환하면서 데이터가 손실될 수 있습니다.
          with
          [
              _Tp=uchar
          ]
c:\users\chaos\documents\github\ic\consoleapplication1\edge.cpp(666): warning C4244: '=': 'double'에서 '_Tp'(으)로 변환하면서 데이터가 손실될 수 있습니다.
          with
          [
              _Tp=uchar
          ]
c:\users\chaos\documents\github\ic\consoleapplication1\edge.cpp(670): warning C4244: '=': 'double'에서 '_Tp'(으)로 변환하면서 데이터가 손실될 수 있습니다.
          with
          [
              _Tp=uchar
          ]
c:\users\chaos\documents\github\ic\consoleapplication1\edge.cpp(674): warning C4244: '=': 'double'에서 '_Tp'(으)로 변환하면서 데이터가 손실될 수 있습니다.
          with
          [
              _Tp=uchar
          ]
c:\users\chaos\documents\github\ic\consoleapplication1\edge.cpp(776): warning C4244: '=': 'double'에서 '_Tp'(으)로 변환하면서 데이터가 손실될 수 있습니다.
          with
          [
              _Tp=uchar
          ]
c:\users\chaos\documents\github\ic\consoleapplication1\edge.cpp(780): warning C4244: '=': 'double'에서 '_Tp'(으)로 변환하면서 데이터가 손실될 수 있습니다.
          with
          [
              _Tp=uchar
          ]
c:\users\chaos\documents\github\ic\consoleapplication1\edge.cpp(784): warning C4244: '=': 'double'에서 '_Tp'(으)로 변환하면서 데이터가 손실될 수 있습니다.
          with
          [
              _Tp=uchar
          ]
  Filter.cpp
c:\users\chaos\documents\github\ic\consoleapplication1\filter.cpp(125): warning C4244: '=': 'double'에서 '_Tp'(으)로 변환하면서 데이터가 손실될 수 있습니다.
          with
          [
              _Tp=uchar
          ]
  Geometry.cpp
c:\users\chaos\documents\github\ic\consoleapplication1\geometry.cpp(104): warning C4244: '인수': 'double'에서 '_Tp'(으)로 변환하면서 데이터가 손실될 수 있습니다.
          with
          [
              _Tp=float
          ]
  ImageAnalysis.cpp
  main.cpp
  Morph.cpp
c:\users\chaos\documents\github\ic\consoleapplication1\morph.cpp(142): warning C4244: '=': 'int'에서 '_Tp'(으)로 변환하면서 데이터가 손실될 수 있습니다.
          with
          [
              _Tp=float
          ]
  Pixel.cpp
c:\users\chaos\documents\github\ic\consoleapplication1\pixel.cpp : warning C4819: 현재 코드 페이지(949)에서 표시할 수 없는 문자가 파일에 들어 있습니다. 데이터가 손실되지 않게 하려면 해당 파일을 유니코드 형식으로 저장하십시오.
c:\users\chaos\documents\github\ic\consoleapplication1\pixel.cpp(129): warning C4244: '=': 'double'에서 '_Tp'(으)로 변환하면서 데이터가 손실될 수 있습니다.
          with
          [
              _Tp=uchar
          ]
c:\users\chaos\documents\github\ic\consoleapplication1\pixel.cpp(131): warning C4244: '=': 'double'에서 '_Tp'(으)로 변환하면서 데이터가 손실될 수 있습니다.
          with
          [
              _Tp=uchar
          ]
c:\users\chaos\documents\github\ic\consoleapplication1\pixel.cpp(287): warning C4244: '초기화 중': 'double'에서 'int'(으)로 변환하면서 데이터가 손실될 수 있습니다.
c:\users\chaos\documents\github\ic\consoleapplication1\pixel.cpp(299): warning C4244: '=': 'float'에서 'int'(으)로 변환하면서 데이터가 손실될 수 있습니다.
  Util.cpp
c:\users\chaos\documents\github\ic\consoleapplication1\util.cpp(197): warning C4244: '=': 'double'에서 '_Tp'(으)로 변환하면서 데이터가 손실될 수 있습니다.
          with
          [
              _Tp=uchar
          ]
c:\users\chaos\documents\github\ic\consoleapplication1\util.cpp(218): warning C4244: '=': 'double'에서 '_Tp'(으)로 변환하면서 데이터가 손실될 수 있습니다.
          with
          [
              _Tp=uchar
          ]
c:\users\chaos\documents\github\ic\consoleapplication1\util.cpp(219): warning C4244: '=': 'double'에서 '_Tp'(으)로 변환하면서 데이터가 손실될 수 있습니다.
          with
          [
              _Tp=uchar
          ]
c:\users\chaos\documents\github\ic\consoleapplication1\util.cpp(220): warning C4244: '=': 'double'에서 '_Tp'(으)로 변환하면서 데이터가 손실될 수 있습니다.
          with
          [
              _Tp=uchar
          ]
  코드를 생성하고 있습니다...
  ConsoleApplication1.vcxproj -> C:\Users\chaos\Documents\GitHub\IC\x64\Debug\ConsoleApplication1.exe
